2021-03-01T04:08:51+00:00 CRITICAL syntax error, unexpected '?>' in F:\webdocs\alecaddplugin\wp-content\themes\flatsome-child\functions.php on line 396

2021-03-01T04:09:21+00:00 CRITICAL syntax error, unexpected 'echo' (T_ECHO) in F:\webdocs\alecaddplugin\wp-content\themes\flatsome-child\functions.php on line 410

2021-03-01T04:09:27+00:00 CRITICAL syntax error, unexpected 'echo' (T_ECHO) in F:\webdocs\alecaddplugin\wp-content\themes\flatsome-child\functions.php on line 410

2021-03-01T04:09:34+00:00 CRITICAL syntax error, unexpected 'echo' (T_ECHO) in F:\webdocs\alecaddplugin\wp-content\themes\flatsome-child\functions.php on line 410

2021-03-01T04:23:57+00:00 CRITICAL syntax error, unexpected 'function' (T_FUNCTION) in F:\webdocs\alecaddplugin\wp-content\themes\flatsome\inc\shortcodes\page_header.php on line 4

2021-03-01T04:23:57+00:00 CRITICAL syntax error, unexpected 'function' (T_FUNCTION) in F:\webdocs\alecaddplugin\wp-content\themes\flatsome\inc\shortcodes\page_header.php on line 4

2021-03-01T04:25:07+00:00 CRITICAL require(): Failed opening required 'F:\webdocs\alecaddplugin/wp-content/themes/flatsomeinc//builder/core/server/helpers/elements.php' (include_path='C:\xampp\php\PEAR') in F:\webdocs\alecaddplugin\wp-content\themes\flatsome\inc\shortcodes\page_header.php on line 2

2021-03-01T04:27:59+00:00 CRITICAL Cannot redeclare test() (previously declared in F:\webdocs\alecaddplugin\wp-content\themes\flatsome\inc\builder\core\server\helpers\elements.php:12) in F:\webdocs\alecaddplugin\wp-content\themes\flatsome\inc\builder\core\server\helpers\elements.php on line 13

2021-03-01T04:28:26+00:00 CRITICAL Cannot redeclare ux_builder_element_style_tag() (previously declared in F:\webdocs\alecaddplugin\wp-content\themes\flatsome\inc\builder\core\server\helpers\elements.php:14) in F:\webdocs\alecaddplugin\wp-content\themes\flatsome\inc\builder\core\server\helpers\elements.php on line 76

2021-03-01T04:34:14+00:00 CRITICAL syntax error, unexpected 'echo' (T_ECHO) in F:\webdocs\alecaddplugin\wp-content\themes\flatsome-child\functions.php on line 412

2021-03-01T04:34:14+00:00 CRITICAL syntax error, unexpected 'echo' (T_ECHO) in F:\webdocs\alecaddplugin\wp-content\themes\flatsome-child\functions.php on line 412

2021-03-01T04:36:15+00:00 CRITICAL syntax error, unexpected 'echo' (T_ECHO) in F:\webdocs\alecaddplugin\wp-content\themes\flatsome-child\functions.php on line 412

2021-03-01T04:36:15+00:00 CRITICAL syntax error, unexpected 'echo' (T_ECHO) in F:\webdocs\alecaddplugin\wp-content\themes\flatsome-child\functions.php on line 412

2021-03-01T04:54:37+00:00 CRITICAL Uncaught Error: Function name must be a string in F:\webdocs\alecaddplugin\wp-content\themes\flatsome-child\functions.php:414
Stack trace:
#0 F:\webdocs\alecaddplugin\wp-includes\shortcodes.php(343): render_danh_muc_san_pham(Array, '', 'danh_muc_san_ph...')
#1 [internal function]: do_shortcode_tag(Array)
#2 F:\webdocs\alecaddplugin\wp-includes\shortcodes.php(218): preg_replace_callback('/\\[(\\[?)(danh_m...', 'do_shortcode_ta...', '\n[danh_muc_san_...')
#3 F:\webdocs\alecaddplugin\wp-content\themes\flatsome\inc\helpers\helpers-shortcode.php(203): do_shortcode('\n[danh_muc_san_...')
#4 F:\webdocs\alecaddplugin\wp-includes\class-wp-hook.php(287): flatsome_contentfix('\n[danh_muc_san_...')
#5 F:\webdocs\alecaddplugin\wp-includes\plugin.php(206): WP_Hook->apply_filters('\n[danh_muc_san_...', Array)
#6 F:\webdocs\alecaddplugin\wp-includes\post-template.php(253): apply_filters('the_content', '<!-- wp:html --...')
#7 F:\webdocs\alecaddplugin\wp-content\themes\flatsome\page.php(33): the_content()
#8 F:\webdocs\alecad in F:\webdocs\alecaddplugin\wp-content\themes\flatsome-child\functions.php on line 414

2021-03-01T04:55:16+00:00 CRITICAL Uncaught Error: Function name must be a string in F:\webdocs\alecaddplugin\wp-content\themes\flatsome-child\functions.php:414
Stack trace:
#0 F:\webdocs\alecaddplugin\wp-includes\shortcodes.php(343): render_danh_muc_san_pham(Array, '', 'danh_muc_san_ph...')
#1 [internal function]: do_shortcode_tag(Array)
#2 F:\webdocs\alecaddplugin\wp-includes\shortcodes.php(218): preg_replace_callback('/\\[(\\[?)(danh_m...', 'do_shortcode_ta...', '\n[danh_muc_san_...')
#3 F:\webdocs\alecaddplugin\wp-content\themes\flatsome\inc\helpers\helpers-shortcode.php(203): do_shortcode('\n[danh_muc_san_...')
#4 F:\webdocs\alecaddplugin\wp-includes\class-wp-hook.php(287): flatsome_contentfix('\n[danh_muc_san_...')
#5 F:\webdocs\alecaddplugin\wp-includes\plugin.php(206): WP_Hook->apply_filters('\n[danh_muc_san_...', Array)
#6 F:\webdocs\alecaddplugin\wp-includes\post-template.php(253): apply_filters('the_content', '<!-- wp:html --...')
#7 F:\webdocs\alecaddplugin\wp-content\themes\flatsome\page.php(33): the_content()
#8 F:\webdocs\alecad in F:\webdocs\alecaddplugin\wp-content\themes\flatsome-child\functions.php on line 414

2021-03-01T05:19:36+00:00 CRITICAL syntax error, unexpected '/' in F:\webdocs\alecaddplugin\wp-content\themes\flatsome-child\functions.php on line 387

2021-03-01T06:54:19+00:00 CRITICAL syntax error, unexpected '$args' (T_VARIABLE) in F:\webdocs\alecaddplugin\wp-content\themes\flatsome-child\functions.php on line 345

2021-03-01T07:00:19+00:00 CRITICAL syntax error, unexpected ')', expecting ',' or ';' in F:\webdocs\alecaddplugin\wp-content\themes\flatsome-child\functions.php on line 392

